<?xml version="1.0" encoding="UTF-8"?>
<testng-results ignored="0" total="5" passed="5" failed="0" skipped="0">
  <reporter-output>
  </reporter-output>
  <suite started-at="2026-05-22T17:11:30 IST" name="Royal Caribbean Suite" finished-at="2026-05-22T17:13:13 IST" duration-ms="102826">
    <groups>
    </groups>
    <test started-at="2026-05-22T17:11:30 IST" name="Cruise Test" finished-at="2026-05-22T17:13:13 IST" duration-ms="102826">
      <class name="testcases.RoyalCaribbeanTest">
        <test-method is-config="true" signature="startReport()[pri:0, instance:testcases.RoyalCaribbeanTest@73a1e9a9]" started-at="2026-05-22T17:11:29 IST" name="startReport" finished-at="2026-05-22T17:11:30 IST" duration-ms="689" status="PASS">
          <reporter-output>
          </reporter-output>
        </test-method> <!-- startReport -->
        <test-method is-config="true" signature="setUp()[pri:0, instance:testcases.RoyalCaribbeanTest@73a1e9a9]" started-at="2026-05-22T17:11:30 IST" name="setUp" finished-at="2026-05-22T17:11:52 IST" duration-ms="21886" status="PASS">
          <reporter-output>
          </reporter-output>
        </test-method> <!-- setUp -->
        <test-method signature="verifySearchTest()[pri:1, instance:testcases.RoyalCaribbeanTest@73a1e9a9]" started-at="2026-05-22T17:11:52 IST" name="verifySearchTest" finished-at="2026-05-22T17:12:02 IST" duration-ms="10411" status="PASS">
          <reporter-output>
          </reporter-output>
        </test-method> <!-- verifySearchTest -->
        <test-method signature="searchShipTest()[pri:2, instance:testcases.RoyalCaribbeanTest@73a1e9a9]" started-at="2026-05-22T17:12:02 IST" name="searchShipTest" finished-at="2026-05-22T17:12:33 IST" depends-on-methods="testcases.RoyalCaribbeanTest.verifySearchTest" duration-ms="30621" status="PASS">
          <reporter-output>
          </reporter-output>
        </test-method> <!-- searchShipTest -->
        <test-method signature="clickBookNowTest()[pri:3, instance:testcases.RoyalCaribbeanTest@73a1e9a9]" started-at="2026-05-22T17:12:33 IST" name="clickBookNowTest" finished-at="2026-05-22T17:12:49 IST" depends-on-methods="testcases.RoyalCaribbeanTest.searchShipTest" duration-ms="15599" status="PASS">
          <reporter-output>
          </reporter-output>
        </test-method> <!-- clickBookNowTest -->
        <test-method signature="applyFiltersTest()[pri:4, instance:testcases.RoyalCaribbeanTest@73a1e9a9]" started-at="2026-05-22T17:12:49 IST" name="applyFiltersTest" finished-at="2026-05-22T17:12:59 IST" depends-on-methods="testcases.RoyalCaribbeanTest.clickBookNowTest" duration-ms="9930" status="PASS">
          <reporter-output>
          </reporter-output>
        </test-method> <!-- applyFiltersTest -->
        <test-method signature="sortTest()[pri:5, instance:testcases.RoyalCaribbeanTest@73a1e9a9]" started-at="2026-05-22T17:12:59 IST" name="sortTest" finished-at="2026-05-22T17:13:00 IST" depends-on-methods="testcases.RoyalCaribbeanTest.applyFiltersTest" duration-ms="1808" status="PASS">
          <reporter-output>
          </reporter-output>
        </test-method> <!-- sortTest -->
        <test-method is-config="true" signature="tearDown()[pri:0, instance:testcases.RoyalCaribbeanTest@73a1e9a9]" started-at="2026-05-22T17:13:00 IST" name="tearDown" finished-at="2026-05-22T17:13:13 IST" duration-ms="12350" status="PASS">
          <reporter-output>
          </reporter-output>
        </test-method> <!-- tearDown -->
        <test-method is-config="true" signature="endReport()[pri:0, instance:testcases.RoyalCaribbeanTest@73a1e9a9]" started-at="2026-05-22T17:13:13 IST" name="endReport" finished-at="2026-05-22T17:13:13 IST" duration-ms="31" status="PASS">
          <reporter-output>
          </reporter-output>
        </test-method> <!-- endReport -->
      </class> <!-- testcases.RoyalCaribbeanTest -->
    </test> <!-- Cruise Test -->
  </suite> <!-- Royal Caribbean Suite -->
</testng-results>
