<?xml version="1.0" encoding="UTF-8"?>
<!-- Generated by org.testng.reporters.JUnitXMLReporter -->
<testsuite ignored="0" hostname="LTIN585998" failures="0" tests="5" name="Cruise Test" time="102.826" errors="0" timestamp="2026-05-22T17:13:13 IST">
  <testcase classname="testcases.RoyalCaribbeanTest" name="verifySearchTest" time="10.411"/>
  <testcase classname="testcases.RoyalCaribbeanTest" name="searchShipTest" time="30.621"/>
  <testcase classname="testcases.RoyalCaribbeanTest" name="clickBookNowTest" time="15.599"/>
  <testcase classname="testcases.RoyalCaribbeanTest" name="applyFiltersTest" time="9.93"/>
  <testcase classname="testcases.RoyalCaribbeanTest" name="sortTest" time="1.808"/>
</testsuite> <!-- Cruise Test -->
